<?xml version="1.0" encoding="UTF-8"?>
<testng-results skipped="0" failed="0" ignored="0" total="2" passed="2">
  <reporter-output>
  </reporter-output>
  <suite name="Default suite" duration-ms="78257" started-at="2021-04-08T14:18:50 MDT" finished-at="2021-04-08T14:20:08 MDT">
    <groups>
      <group name="cucumber">
        <method signature="AbstractTestNGCucumberTests.runScenario(io.cucumber.testng.PickleWrapper, io.cucumber.testng.FeatureWrapper)[pri:0, instance:audienceAppTestNG_TestRunner.AudienceApp_CPMGoal_TestRunner@12cdcf4]" name="runScenario" class="io.cucumber.testng.AbstractTestNGCucumberTests"/>
      </group> <!-- cucumber -->
    </groups>
    <test name="Default test" duration-ms="78257" started-at="2021-04-08T14:18:50 MDT" finished-at="2021-04-08T14:20:08 MDT">
      <class name="audienceAppTestNG_TestRunner.AudienceApp_CPMGoal_TestRunner">
        <test-method status="PASS" signature="setUpClass()[pri:0, instance:audienceAppTestNG_TestRunner.AudienceApp_CPMGoal_TestRunner@12cdcf4]" name="setUpClass" is-config="true" duration-ms="519" started-at="2021-04-08T14:18:50 MDT" finished-at="2021-04-08T14:18:51 MDT">
          <reporter-output>
          </reporter-output>
        </test-method> <!-- setUpClass -->
        <test-method status="PASS" signature="runScenario(io.cucumber.testng.PickleWrapper, io.cucumber.testng.FeatureWrapper)[pri:0, instance:audienceAppTestNG_TestRunner.AudienceApp_CPMGoal_TestRunner@12cdcf4]" name="runScenario" duration-ms="70724" started-at="2021-04-08T14:18:51 MDT" description="Runs Cucumber Scenarios" data-provider="scenarios" finished-at="2021-04-08T14:20:01 MDT">
          <params>
            <param index="0">
              <value>
                <![CDATA["Create a proposal Interconnect Impressions and include CPM as a Goal"]]>
              </value>
            </param>
            <param index="1">
              <value>
                <![CDATA["Optional[AudienceApp UAT create proposal CPMAsAGoal feature]"]]>
              </value>
            </param>
          </params>
          <reporter-output>
          </reporter-output>
        </test-method> <!-- runScenario -->
        <test-method status="PASS" signature="runScenario(io.cucumber.testng.PickleWrapper, io.cucumber.testng.FeatureWrapper)[pri:0, instance:audienceAppTestNG_TestRunner.AudienceApp_CPMGoal_TestRunner@12cdcf4]" name="runScenario" duration-ms="64532" started-at="2021-04-08T14:18:51 MDT" description="Runs Cucumber Scenarios" data-provider="scenarios" finished-at="2021-04-08T14:19:55 MDT">
          <params>
            <param index="0">
              <value>
                <![CDATA["Create a proposal local Budget  and include CPM as a Goal"]]>
              </value>
            </param>
            <param index="1">
              <value>
                <![CDATA["Optional[AudienceApp UAT create proposal CPMAsAGoal feature]"]]>
              </value>
            </param>
          </params>
          <reporter-output>
          </reporter-output>
        </test-method> <!-- runScenario -->
        <test-method status="PASS" signature="tearDownClass()[pri:0, instance:audienceAppTestNG_TestRunner.AudienceApp_CPMGoal_TestRunner@12cdcf4]" name="tearDownClass" is-config="true" duration-ms="6968" started-at="2021-04-08T14:20:01 MDT" finished-at="2021-04-08T14:20:08 MDT">
          <reporter-output>
          </reporter-output>
        </test-method> <!-- tearDownClass -->
      </class> <!-- audienceAppTestNG_TestRunner.AudienceApp_CPMGoal_TestRunner -->
    </test> <!-- Default test -->
  </suite> <!-- Default suite -->
</testng-results>
