<?xml version="1.0" encoding="UTF-8"?>
<!-- Generated by org.testng.reporters.JUnitXMLReporter -->
<testsuite hostname="SR-C02ZM0XQLVDQ" ignored="0" name="Default test" tests="2" failures="0" timestamp="2021-04-08T14:20:08 MDT" time="78.257" errors="0">
  <testcase name="runScenario" time="64.532" classname="io.cucumber.testng.AbstractTestNGCucumberTests"/>
  <testcase name="runScenario" time="70.724" classname="io.cucumber.testng.AbstractTestNGCucumberTests"/>
</testsuite> <!-- Default test -->
