<?xml version="1.0" encoding="UTF-8"?>
<testng-results skipped="0" failed="2" ignored="0" total="8" passed="6">
  <reporter-output>
  </reporter-output>
  <suite name="Suite" duration-ms="179985" started-at="2021-03-30T14:27:58 MDT" finished-at="2021-03-30T14:30:58 MDT">
    <groups>
      <group name="cucumber">
        <method signature="AbstractTestNGCucumberTests.runScenario(io.cucumber.testng.PickleWrapper, io.cucumber.testng.FeatureWrapper)[pri:0, instance:adPortalTestNGTestRunners.AdPortalRegression_TestRunner@12cdcf4]" name="runScenario" class="io.cucumber.testng.AbstractTestNGCucumberTests"/>
      </group> <!-- cucumber -->
    </groups>
    <test name="Test" duration-ms="179985" started-at="2021-03-30T14:27:58 MDT" finished-at="2021-03-30T14:30:58 MDT">
      <class name="adPortalTestNGTestRunners.AdPortalRegression_TestRunner">
        <test-method status="PASS" signature="setUpClass()[pri:0, instance:adPortalTestNGTestRunners.AdPortalRegression_TestRunner@12cdcf4]" name="setUpClass" is-config="true" duration-ms="834" started-at="2021-03-30T14:27:58 MDT" finished-at="2021-03-30T14:27:58 MDT">
          <reporter-output>
          </reporter-output>
        </test-method> <!-- setUpClass -->
        <test-method status="PASS" signature="runScenario(io.cucumber.testng.PickleWrapper, io.cucumber.testng.FeatureWrapper)[pri:0, instance:adPortalTestNGTestRunners.AdPortalRegression_TestRunner@12cdcf4]" name="runScenario" duration-ms="21232" started-at="2021-03-30T14:27:58 MDT" description="Runs Cucumber Scenarios" data-provider="scenarios" finished-at="2021-03-30T14:28:20 MDT">
          <params>
            <param index="0">
              <value>
                <![CDATA["Reach page for new customer"]]>
              </value>
            </param>
            <param index="1">
              <value>
                <![CDATA["Optional[New customer Single Sign Up LogIn feature]"]]>
              </value>
            </param>
          </params>
          <reporter-output>
          </reporter-output>
        </test-method> <!-- runScenario -->
        <test-method status="PASS" signature="runScenario(io.cucumber.testng.PickleWrapper, io.cucumber.testng.FeatureWrapper)[pri:0, instance:adPortalTestNGTestRunners.AdPortalRegression_TestRunner@12cdcf4]" name="runScenario" duration-ms="29274" started-at="2021-03-30T14:28:20 MDT" description="Runs Cucumber Scenarios" data-provider="scenarios" finished-at="2021-03-30T14:28:49 MDT">
          <params>
            <param index="0">
              <value>
                <![CDATA["Sign up with user email and password"]]>
              </value>
            </param>
            <param index="1">
              <value>
                <![CDATA["Optional[New customer Single Sign Up LogIn feature]"]]>
              </value>
            </param>
          </params>
          <reporter-output>
          </reporter-output>
        </test-method> <!-- runScenario -->
        <test-method status="PASS" signature="runScenario(io.cucumber.testng.PickleWrapper, io.cucumber.testng.FeatureWrapper)[pri:0, instance:adPortalTestNGTestRunners.AdPortalRegression_TestRunner@12cdcf4]" name="runScenario" duration-ms="37810" started-at="2021-03-30T14:28:49 MDT" description="Runs Cucumber Scenarios" data-provider="scenarios" finished-at="2021-03-30T14:29:27 MDT">
          <params>
            <param index="0">
              <value>
                <![CDATA["Create a promote event campaign by choosing recommended packages"]]>
              </value>
            </param>
            <param index="1">
              <value>
                <![CDATA["Optional[AdPortal Create Alternative packages feature]"]]>
              </value>
            </param>
          </params>
          <reporter-output>
          </reporter-output>
        </test-method> <!-- runScenario -->
        <test-method status="FAIL" signature="runScenario(io.cucumber.testng.PickleWrapper, io.cucumber.testng.FeatureWrapper)[pri:0, instance:adPortalTestNGTestRunners.AdPortalRegression_TestRunner@12cdcf4]" name="runScenario" duration-ms="38094" started-at="2021-03-30T14:29:27 MDT" description="Runs Cucumber Scenarios" data-provider="scenarios" finished-at="2021-03-30T14:30:05 MDT">
          <params>
            <param index="0">
              <value>
                <![CDATA["Create a raise awareness campaign by choosing recommended packages"]]>
              </value>
            </param>
            <param index="1">
              <value>
                <![CDATA["Optional[AdPortal Create Alternative packages feature]"]]>
              </value>
            </param>
          </params>
          <exception class="org.openqa.selenium.TimeoutException">
            <message>
              <![CDATA[Expected condition failed: waiting for presence of element located by: By.xpath: //a[@class='ap-btn button-right ng-star-inserted'] (tried for 30 second(s) with 500 milliseconds interval)]]>
            </message>
            <full-stacktrace>
              <![CDATA[org.openqa.selenium.TimeoutException: Expected condition failed: waiting for presence of element located by: By.xpath: //a[@class='ap-btn button-right ng-star-inserted'] (tried for 30 second(s) with 500 milliseconds interval)
at org.openqa.selenium.support.ui.WebDriverWait.timeoutException(WebDriverWait.java:95)
at org.openqa.selenium.support.ui.FluentWait.until(FluentWait.java:272)
at utilities.WebDriverWaits.WaitForElementToBePresent(WebDriverWaits.java:35)
at AdportalPageObjects.ReachPage.explicitly_Wait_For_ReachPageNextButton(ReachPage.java:82)
at adPortal_StepDefinitions.Adportal_AlternativePackages_StepDefinition.user_should_be_able_to_get_started_with_the_campaign_creation(Adportal_AlternativePackages_StepDefinition.java:49)
at ✽.User should be able to get started with the campaign creation(file:///Users/p2815492/NewEclipseWorkspace/AdPortalUAT_Automation/src/test/resources/adportalFeatures/Adportal_AlternativePackages.feature:9)
Caused by: org.openqa.selenium.NoSuchElementException: no such element: Unable to locate element: {"method":"xpath","selector":"//a[@class='ap-btn button-right ng-star-inserted']"}
  (Session info: chrome=89.0.4389.90)
For documentation on this error, please visit: https://www.seleniumhq.org/exceptions/no_such_element.html
Build info: version: '3.141.59', revision: 'e82be7d358', time: '2018-11-14T08:17:03'
System info: host: 'SR-C02ZM0XQLVDQ', ip: 'fe80:0:0:0:d4:fd65:4a25:f379%en0', os.name: 'Mac OS X', os.arch: 'x86_64', os.version: '10.14.6', java.version: '1.8.0_192'
Driver info: org.openqa.selenium.chrome.ChromeDriver
Capabilities {acceptInsecureCerts: false, browserName: chrome, browserVersion: 89.0.4389.90, chrome: {chromedriverVersion: 89.0.4389.23 (61b08ee2c5002..., userDataDir: /var/folders/4_/d9d08_0n2_q...}, goog:chromeOptions: {debuggerAddress: localhost:53501}, javascriptEnabled: true, networkConnectionEnabled: false, pageLoadStrategy: normal, platform: MAC, platformName: MAC, proxy: Proxy(), setWindowRect: true, strictFileInteractability: false, timeouts: {implicit: 0, pageLoad: 300000, script: 30000}, unhandledPromptBehavior: dismiss and notify, webauthn:extension:largeBlob: true, webauthn:virtualAuthenticators: true}
Session ID: 3e84213a25ed0b48f4efc1b58ebdaa76
*** Element info: {Using=xpath, value=//a[@class='ap-btn button-right ng-star-inserted']}
at sun.reflect.GeneratedConstructorAccessor15.newInstance(Unknown Source)
at sun.reflect.DelegatingConstructorAccessorImpl.newInstance(DelegatingConstructorAccessorImpl.java:45)
at java.lang.reflect.Constructor.newInstance(Constructor.java:423)
at org.openqa.selenium.remote.http.W3CHttpResponseCodec.createException(W3CHttpResponseCodec.java:187)
at org.openqa.selenium.remote.http.W3CHttpResponseCodec.decode(W3CHttpResponseCodec.java:122)
at org.openqa.selenium.remote.http.W3CHttpResponseCodec.decode(W3CHttpResponseCodec.java:49)
at org.openqa.selenium.remote.HttpCommandExecutor.execute(HttpCommandExecutor.java:158)
at org.openqa.selenium.remote.service.DriverCommandExecutor.execute(DriverCommandExecutor.java:83)
at org.openqa.selenium.remote.RemoteWebDriver.execute(RemoteWebDriver.java:552)
at org.openqa.selenium.remote.RemoteWebDriver.findElement(RemoteWebDriver.java:323)
at org.openqa.selenium.remote.RemoteWebDriver.findElementByXPath(RemoteWebDriver.java:428)
at org.openqa.selenium.By$ByXPath.findElement(By.java:353)
at org.openqa.selenium.remote.RemoteWebDriver.findElement(RemoteWebDriver.java:315)
at org.openqa.selenium.support.ui.ExpectedConditions$6.apply(ExpectedConditions.java:182)
at org.openqa.selenium.support.ui.ExpectedConditions$6.apply(ExpectedConditions.java:179)
at org.openqa.selenium.support.ui.FluentWait.until(FluentWait.java:249)
at utilities.WebDriverWaits.WaitForElementToBePresent(WebDriverWaits.java:35)
at AdportalPageObjects.ReachPage.explicitly_Wait_For_ReachPageNextButton(ReachPage.java:82)
at adPortal_StepDefinitions.Adportal_AlternativePackages_StepDefinition.user_should_be_able_to_get_started_with_the_campaign_creation(Adportal_AlternativePackages_StepDefinition.java:49)
at sun.reflect.NativeMethodAccessorImpl.invoke0(Native Method)
at sun.reflect.NativeMethodAccessorImpl.invoke(NativeMethodAccessorImpl.java:62)
at sun.reflect.DelegatingMethodAccessorImpl.invoke(DelegatingMethodAccessorImpl.java:43)
at java.lang.reflect.Method.invoke(Method.java:498)
at io.cucumber.java.Invoker.doInvoke(Invoker.java:66)
at io.cucumber.java.Invoker.invoke(Invoker.java:24)
at io.cucumber.java.AbstractGlueDefinition.invokeMethod(AbstractGlueDefinition.java:47)
at io.cucumber.java.JavaStepDefinition.execute(JavaStepDefinition.java:29)
at io.cucumber.core.runner.CoreStepDefinition.execute(CoreStepDefinition.java:66)
at io.cucumber.core.runner.PickleStepDefinitionMatch.runStep(PickleStepDefinitionMatch.java:63)
at io.cucumber.core.runner.ExecutionMode$1.execute(ExecutionMode.java:10)
at io.cucumber.core.runner.TestStep.executeStep(TestStep.java:92)
at io.cucumber.core.runner.TestStep.run(TestStep.java:64)
at io.cucumber.core.runner.PickleStepTestStep.run(PickleStepTestStep.java:51)
at io.cucumber.core.runner.TestCase.run(TestCase.java:104)
at io.cucumber.core.runner.Runner.runPickle(Runner.java:73)
at io.cucumber.testng.TestNGCucumberRunner.lambda$runScenario$0(TestNGCucumberRunner.java:117)
at io.cucumber.core.runtime.CucumberExecutionContext.runTestCase(CucumberExecutionContext.java:117)
at io.cucumber.testng.TestNGCucumberRunner.runScenario(TestNGCucumberRunner.java:114)
at io.cucumber.testng.AbstractTestNGCucumberTests.runScenario(AbstractTestNGCucumberTests.java:31)
at sun.reflect.NativeMethodAccessorImpl.invoke0(Native Method)
at sun.reflect.NativeMethodAccessorImpl.invoke(NativeMethodAccessorImpl.java:62)
at sun.reflect.DelegatingMethodAccessorImpl.invoke(DelegatingMethodAccessorImpl.java:43)
at java.lang.reflect.Method.invoke(Method.java:498)
at org.testng.internal.MethodInvocationHelper.invokeMethod(MethodInvocationHelper.java:134)
at org.testng.internal.TestInvoker.invokeMethod(TestInvoker.java:597)
at org.testng.internal.TestInvoker.invokeTestMethod(TestInvoker.java:173)
at org.testng.internal.MethodRunner.runInSequence(MethodRunner.java:46)
at org.testng.internal.TestInvoker$MethodInvocationAgent.invoke(TestInvoker.java:816)
at org.testng.internal.TestInvoker.invokeTestMethods(TestInvoker.java:146)
at org.testng.internal.TestMethodWorker.invokeTestMethods(TestMethodWorker.java:146)
at org.testng.internal.TestMethodWorker.run(TestMethodWorker.java:128)
at java.util.ArrayList.forEach(ArrayList.java:1257)
at org.testng.TestRunner.privateRun(TestRunner.java:766)
at org.testng.TestRunner.run(TestRunner.java:587)
at org.testng.SuiteRunner.runTest(SuiteRunner.java:384)
at org.testng.SuiteRunner.runSequentially(SuiteRunner.java:378)
at org.testng.SuiteRunner.privateRun(SuiteRunner.java:337)
at org.testng.SuiteRunner.run(SuiteRunner.java:286)
at org.testng.SuiteRunnerWorker.runSuite(SuiteRunnerWorker.java:53)
at org.testng.SuiteRunnerWorker.run(SuiteRunnerWorker.java:96)
at org.testng.TestNG.runSuitesSequentially(TestNG.java:1187)
at org.testng.TestNG.runSuitesLocally(TestNG.java:1109)
at org.testng.TestNG.runSuites(TestNG.java:1039)
at org.testng.TestNG.run(TestNG.java:1007)
at org.testng.remote.AbstractRemoteTestNG.run(AbstractRemoteTestNG.java:115)
at org.testng.remote.RemoteTestNG.initAndRun(RemoteTestNG.java:251)
at org.testng.remote.RemoteTestNG.main(RemoteTestNG.java:77)
]]>
            </full-stacktrace>
          </exception> <!-- org.openqa.selenium.TimeoutException -->
          <reporter-output>
          </reporter-output>
        </test-method> <!-- runScenario -->
        <test-method status="FAIL" signature="runScenario(io.cucumber.testng.PickleWrapper, io.cucumber.testng.FeatureWrapper)[pri:0, instance:adPortalTestNGTestRunners.AdPortalRegression_TestRunner@12cdcf4]" name="runScenario" duration-ms="11857" started-at="2021-03-30T14:30:05 MDT" description="Runs Cucumber Scenarios" data-provider="scenarios" finished-at="2021-03-30T14:30:17 MDT">
          <params>
            <param index="0">
              <value>
                <![CDATA["Create a campaign using your valid UAT login email and password"]]>
              </value>
            </param>
            <param index="1">
              <value>
                <![CDATA["Optional[AdPortal UAT create campaign feature]"]]>
              </value>
            </param>
          </params>
          <exception class="org.openqa.selenium.NoSuchElementException">
            <message>
              <![CDATA[no such element: Unable to locate element: {"method":"xpath","selector":"//div[contains(text(),'Distance Recommendation')]"}
  (Session info: chrome=89.0.4389.90)
For documentation on this error, please visit: https://www.seleniumhq.org/exceptions/no_such_element.html
Build info: version: '3.141.59', revision: 'e82be7d358', time: '2018-11-14T08:17:03'
System info: host: 'SR-C02ZM0XQLVDQ', ip: 'fe80:0:0:0:d4:fd65:4a25:f379%en0', os.name: 'Mac OS X', os.arch: 'x86_64', os.version: '10.14.6', java.version: '1.8.0_192'
Driver info: org.openqa.selenium.chrome.ChromeDriver
Capabilities {acceptInsecureCerts: false, browserName: chrome, browserVersion: 89.0.4389.90, chrome: {chromedriverVersion: 89.0.4389.23 (61b08ee2c5002..., userDataDir: /var/folders/4_/d9d08_0n2_q...}, goog:chromeOptions: {debuggerAddress: localhost:53597}, javascriptEnabled: true, networkConnectionEnabled: false, pageLoadStrategy: normal, platform: MAC, platformName: MAC, proxy: Proxy(), setWindowRect: true, strictFileInteractability: false, timeouts: {implicit: 0, pageLoad: 300000, script: 30000}, unhandledPromptBehavior: dismiss and notify, webauthn:extension:largeBlob: true, webauthn:virtualAuthenticators: true}
Session ID: 61e234ab059f0607b5122f23092d083a
*** Element info: {Using=xpath, value=//div[contains(text(),'Distance Recommendation')]}]]>
            </message>
            <full-stacktrace>
              <![CDATA[org.openqa.selenium.NoSuchElementException: no such element: Unable to locate element: {"method":"xpath","selector":"//div[contains(text(),'Distance Recommendation')]"}
  (Session info: chrome=89.0.4389.90)
For documentation on this error, please visit: https://www.seleniumhq.org/exceptions/no_such_element.html
Build info: version: '3.141.59', revision: 'e82be7d358', time: '2018-11-14T08:17:03'
System info: host: 'SR-C02ZM0XQLVDQ', ip: 'fe80:0:0:0:d4:fd65:4a25:f379%en0', os.name: 'Mac OS X', os.arch: 'x86_64', os.version: '10.14.6', java.version: '1.8.0_192'
Driver info: org.openqa.selenium.chrome.ChromeDriver
Capabilities {acceptInsecureCerts: false, browserName: chrome, browserVersion: 89.0.4389.90, chrome: {chromedriverVersion: 89.0.4389.23 (61b08ee2c5002..., userDataDir: /var/folders/4_/d9d08_0n2_q...}, goog:chromeOptions: {debuggerAddress: localhost:53597}, javascriptEnabled: true, networkConnectionEnabled: false, pageLoadStrategy: normal, platform: MAC, platformName: MAC, proxy: Proxy(), setWindowRect: true, strictFileInteractability: false, timeouts: {implicit: 0, pageLoad: 300000, script: 30000}, unhandledPromptBehavior: dismiss and notify, webauthn:extension:largeBlob: true, webauthn:virtualAuthenticators: true}
Session ID: 61e234ab059f0607b5122f23092d083a
*** Element info: {Using=xpath, value=//div[contains(text(),'Distance Recommendation')]}
at sun.reflect.GeneratedConstructorAccessor15.newInstance(Unknown Source)
at sun.reflect.DelegatingConstructorAccessorImpl.newInstance(DelegatingConstructorAccessorImpl.java:45)
at java.lang.reflect.Constructor.newInstance(Constructor.java:423)
at org.openqa.selenium.remote.http.W3CHttpResponseCodec.createException(W3CHttpResponseCodec.java:187)
at org.openqa.selenium.remote.http.W3CHttpResponseCodec.decode(W3CHttpResponseCodec.java:122)
at org.openqa.selenium.remote.http.W3CHttpResponseCodec.decode(W3CHttpResponseCodec.java:49)
at org.openqa.selenium.remote.HttpCommandExecutor.execute(HttpCommandExecutor.java:158)
at org.openqa.selenium.remote.service.DriverCommandExecutor.execute(DriverCommandExecutor.java:83)
at org.openqa.selenium.remote.RemoteWebDriver.execute(RemoteWebDriver.java:552)
at org.openqa.selenium.remote.RemoteWebDriver.findElement(RemoteWebDriver.java:323)
at org.openqa.selenium.remote.RemoteWebDriver.findElementByXPath(RemoteWebDriver.java:428)
at org.openqa.selenium.By$ByXPath.findElement(By.java:353)
at org.openqa.selenium.remote.RemoteWebDriver.findElement(RemoteWebDriver.java:315)
at AdportalPageObjects.ReachPage.click_Use_My_Selection(ReachPage.java:239)
at adPortal_StepDefinitions.Adportal_CreateCampaign_StepDefinition.user_enters_the_address_and_selects_the_distance_and_clicks_next(Adportal_CreateCampaign_StepDefinition.java:64)
at ✽.User enters the address and selects the distance and clicks next(file:///Users/p2815492/NewEclipseWorkspace/AdPortalUAT_Automation/src/test/resources/adportalFeatures/Adportal_CreateCampaign.feature:12)
]]>
            </full-stacktrace>
          </exception> <!-- org.openqa.selenium.NoSuchElementException -->
          <reporter-output>
          </reporter-output>
        </test-method> <!-- runScenario -->
        <test-method status="PASS" signature="runScenario(io.cucumber.testng.PickleWrapper, io.cucumber.testng.FeatureWrapper)[pri:0, instance:adPortalTestNGTestRunners.AdPortalRegression_TestRunner@12cdcf4]" name="runScenario" duration-ms="7699" started-at="2021-03-30T14:30:17 MDT" description="Runs Cucumber Scenarios" data-provider="scenarios" finished-at="2021-03-30T14:30:24 MDT">
          <params>
            <param index="0">
              <value>
                <![CDATA["Log in with default user email and password"]]>
              </value>
            </param>
            <param index="1">
              <value>
                <![CDATA["Optional[AdPortal UAT log in feature]"]]>
              </value>
            </param>
          </params>
          <reporter-output>
          </reporter-output>
        </test-method> <!-- runScenario -->
        <test-method status="PASS" signature="runScenario(io.cucumber.testng.PickleWrapper, io.cucumber.testng.FeatureWrapper)[pri:0, instance:adPortalTestNGTestRunners.AdPortalRegression_TestRunner@12cdcf4]" name="runScenario" duration-ms="7481" started-at="2021-03-30T14:30:24 MDT" description="Runs Cucumber Scenarios" data-provider="scenarios" finished-at="2021-03-30T14:30:32 MDT">
          <params>
            <param index="0">
              <value>
                <![CDATA["User selects next button on reach intro page"]]>
              </value>
            </param>
            <param index="1">
              <value>
                <![CDATA["Optional[AdPortal UAT log in feature]"]]>
              </value>
            </param>
          </params>
          <reporter-output>
          </reporter-output>
        </test-method> <!-- runScenario -->
        <test-method status="PASS" signature="runScenario(io.cucumber.testng.PickleWrapper, io.cucumber.testng.FeatureWrapper)[pri:0, instance:adPortalTestNGTestRunners.AdPortalRegression_TestRunner@12cdcf4]" name="runScenario" duration-ms="11189" started-at="2021-03-30T14:30:32 MDT" description="Runs Cucumber Scenarios" data-provider="scenarios" finished-at="2021-03-30T14:30:43 MDT">
          <params>
            <param index="0">
              <value>
                <![CDATA["User selects the FAQs in Help Center"]]>
              </value>
            </param>
            <param index="1">
              <value>
                <![CDATA["Optional[AdPortal UAT log in feature]"]]>
              </value>
            </param>
          </params>
          <reporter-output>
          </reporter-output>
        </test-method> <!-- runScenario -->
        <test-method status="PASS" signature="tearDownClass()[pri:0, instance:adPortalTestNGTestRunners.AdPortalRegression_TestRunner@12cdcf4]" name="tearDownClass" is-config="true" duration-ms="14478" started-at="2021-03-30T14:30:43 MDT" finished-at="2021-03-30T14:30:58 MDT">
          <reporter-output>
          </reporter-output>
        </test-method> <!-- tearDownClass -->
      </class> <!-- adPortalTestNGTestRunners.AdPortalRegression_TestRunner -->
    </test> <!-- Test -->
  </suite> <!-- Suite -->
</testng-results>
